nohup: ignoring input
RUN_ID=clinical_parallel_20260407_140308
Start: 2026年 04月 07日 星期二 14:03:08 CST
[Step 1] Build pred-mask guided dataset
mask_source=pred, 使用设备: cuda
  train: 使用 segmentation 模型预测 mask...
  train: 预测完成, shape=(259660, 240, 5)
  已保存 /home/yt/CTG_test/artifacts/datasets/denoising/multilabel_guided_denoising_clinical_pred/train_dataset_mask_guided.npz
  val: 使用 segmentation 模型预测 mask...
  val: 预测完成, shape=(32440, 240, 5)
  已保存 /home/yt/CTG_test/artifacts/datasets/denoising/multilabel_guided_denoising_clinical_pred/val_dataset_mask_guided.npz
  test: 使用 segmentation 模型预测 mask...
  test: 预测完成, shape=(32480, 240, 5)
  已保存 /home/yt/CTG_test/artifacts/datasets/denoising/multilabel_guided_denoising_clinical_pred/test_dataset_mask_guided.npz

完成。输出目录: /home/yt/CTG_test/artifacts/datasets/denoising/multilabel_guided_denoising_clinical_pred
[Step 2] Build GT-mask guided dataset
mask_source=gt, 使用设备: cuda
  train: 使用 GT mask, shape=(259660, 240, 5)
  已保存 /home/yt/CTG_test/artifacts/datasets/denoising/multilabel_guided_denoising_clinical_gt/train_dataset_mask_guided.npz
  val: 使用 GT mask, shape=(32440, 240, 5)
  已保存 /home/yt/CTG_test/artifacts/datasets/denoising/multilabel_guided_denoising_clinical_gt/val_dataset_mask_guided.npz
  test: 使用 GT mask, shape=(32480, 240, 5)
  已保存 /home/yt/CTG_test/artifacts/datasets/denoising/multilabel_guided_denoising_clinical_gt/test_dataset_mask_guided.npz

完成。输出目录: /home/yt/CTG_test/artifacts/datasets/denoising/multilabel_guided_denoising_clinical_gt
[Step 3] Launch 3 parallel branches
[Step 4] Compare and build outputs
================================================================================
去噪方法对比
================================================================================
实验标签: clinical
结果检索根目录:
  - /home/yt/CTG_test/artifacts/results/denoising
  - /home/yt/CTG_test/artifacts/runs/results/denoising

方法                                         overall_mse corrupted_region_mse   clean_region_mse        overall_mae corrupted_region_mae   clean_region_mae       baseline_mae            stv_mae            ltv_mae baseline_bias_mean baseline_bias_median      stv_bias_mean    stv_bias_median      ltv_bias_mean    ltv_bias_median
--------------------------------------------------------------------------------------------------------------------------------------------------------------------------------------------------------------------------------------------------------------------------------------------------------------------------------------
Direct denoising baseline                       0.1966            10.2344             0.1209             0.2059             2.1309             0.1914             0.0977             0.1334             0.6881             0.0064             0.0000            -0.0963            -0.0465            -0.5256            -0.4073
source                              /home/yt/CTG_test/artifacts/results/denoising/denoising_baseline_clinical
Multilabel pred-mask guided                     0.1822             9.5503             0.1116             0.1856             2.0771             0.1713             0.0896             0.0961             0.4921            -0.0175             0.0000             0.0034             0.0091            -0.0296             0.0383
source                              /home/yt/CTG_test/artifacts/results/denoising/multilabel_guided_denoising_clinical_pred
Multilabel GT-mask oracle                       0.1281             8.9142             0.0618             0.2166             1.9886             0.2032             0.0632             0.1437             0.6943             0.0095             0.0000             0.0871             0.0847             0.4815             0.4777
source                              /home/yt/CTG_test/artifacts/results/denoising/multilabel_guided_denoising_clinical_gt

说明:
  - Direct denoising: noisy -> clean，无 mask 引导
  - Pred-mask guided: noisy + predicted 5-class masks -> clean，真实可部署方案
  - GT-mask oracle: noisy + GT 5-class masks -> clean，mask 条件的诊断参考；不保证所有误差/feature 指标都最优

结论:
  1. 若 pred-mask 优于 direct：知道噪声类型有助于去噪
  2. 若 GT-mask 在 MSE 上优于 pred-mask：更准确的 mask 有进一步提升重建误差的潜力
  3. 若 GT-mask 在 feature-preservation 上弱于 pred-mask：需要检查 GT-mask 训练稳定性、mask 分布或 loss 设计
================================================================================

对比表已保存到 /home/yt/CTG_test/artifacts/results/denoising/comparisons/denoising_comparison_clinical.csv
文本摘要已保存到 /home/yt/CTG_test/artifacts/results/denoising/comparisons/denoising_comparison_clinical.txt
Markdown 表已保存到 /home/yt/CTG_test/artifacts/results/denoising/comparisons/denoising_comparison_clinical.md
JSON 已保存到 /home/yt/CTG_test/artifacts/results/denoising/comparisons/denoising_comparison_clinical.json
Tables saved to /home/yt/CTG_test/artifacts/results/paper_tables/clinical_main
Table source: existing eval/test_metrics.json files; no model evaluation was rerun for tables.
Figure source: running single-sample forward passes from existing checkpoints; this does not rerun full evaluation or training.
Figure saved to /home/yt/CTG_test/artifacts/results/paper_figures/clinical_main/clinical_main_comparison_sample_30649.png
Snapshot saved to artifacts/results/summary/clinical_parallel_20260407_140308
End: 2026年 04月 07日 星期二 14:38:20 CST
